.avi
    448247.avi
    449518.avi
    451658.avi
    459804.avi
    472256.avi
    969372.avi
    1143559.avi
    1185981.avi
    1209170.avi
    1212466.avi
.docx
    Appeal response - client draft Aug 21 - rev-2.docx
    osTriage Objectives and test questions.docx
    FVTC Webinar Lesson Plan_TEMPLATE new 2014.docx
    osTriageManual.docx
    osTriage webinar schedule.docx
    How to get osTriage.docx
    Payment info.docx
    GOON2Manual.docx
    EricZimmermanCV.docx
    ShellBagsExplorerManual.docx
.jpg
    csv.jpg
    download.jpg
    IMG_0024.JPG
    AA1B4Cg_h150_w310_m7[1].jpg
    IMG_5499.JPG
    noodles stickers.jpg
    Resampled_2013-06-22_11-39-16_326.jpg
    20121215_121512.jpg
    tsv.jpg
.pptx
    Lockdown Plist.pptx
    Intro Slides 2014 revised.pptx
.xlsx
    EmuleParser output.xlsx
    20140922204846_SBE_messages.xlsx
    20140922205238_SBE_messages.xlsx
    20140923112000_SBE_messages.xlsx
    Sans408 index.xlsx
    W38_PCAP_Analysis1.xlsx
    SBETestData.xlsx
    SBEWithFirstVisitAndLastExplored.xlsx
    dsadadsads.xlsx
    Dedupe data.xlsx
